<?xml version="1.0" encoding="UTF-8"?>
<beans xmlns="http://www.springframework.org/schema/beans"
	xmlns:xsi="http://www.w3.org/2001/XMLSchema-instance"
	xmlns:context="http://www.springframework.org/schema/context"
	xsi:schemaLocation="http://www.springframework.org/schema/beans http://www.springframework.org/schema/beans/spring-beans.xsd
		http://www.springframework.org/schema/context http://www.springframework.org/schema/context/spring-context-4.2.xsd">

	<context:property-placeholder location="classpath:/conf/particle.properties"/>
	
	<bean class="plants.temperature.service.ParticleService" id="particleService">
		<constructor-arg name="accessToken" value="${particle.access_token}"/>
		<constructor-arg name="serverPrefix" value="${particle.server_prefix}"/>
	</bean>
</beans>
